=== NEW REQUEST ===
Action=
Module=
Subdir=
=== NEW REQUEST ===
Action=
Module=
Subdir=
=== NEW REQUEST ===
Action=uploadPhoto
Module=project
Subdir=tmp/9a72d5fad19ff4812207f3c811413c561ee64211cbcdb640ded91c4de41bbc3d
INSIDE uploadPhoto!
dol_add_file_process res=1 uploadDir=C:/wamp64/www/dolibarr22/dolibarr/documents/projet/tmp/9a72d5fad19ff4812207f3c811413c561ee64211cbcdb640ded91c4de41bbc3d
=== NEW REQUEST ===
Action=uploadPhoto
Module=project
Subdir=tmp/9a72d5fad19ff4812207f3c811413c561ee64211cbcdb640ded91c4de41bbc3d
INSIDE uploadPhoto!
dol_add_file_process res=1 uploadDir=C:/wamp64/www/dolibarr22/dolibarr/documents/projet/tmp/9a72d5fad19ff4812207f3c811413c561ee64211cbcdb640ded91c4de41bbc3d
=== NEW REQUEST ===
Action=
Module=
Subdir=
=== NEW REQUEST ===
Action=uploadPhoto
Module=project
Subdir=tmp/9a72d5fad19ff4812207f3c811413c561ee64211cbcdb640ded91c4de41bbc3d
INSIDE uploadPhoto!
dol_add_file_process res=1 uploadDir=C:/wamp64/www/dolibarr22/dolibarr/documents/projet/tmp/9a72d5fad19ff4812207f3c811413c561ee64211cbcdb640ded91c4de41bbc3d
=== NEW REQUEST ===
Action=
Module=
Subdir=
=== NEW REQUEST ===
Action=
Module=
Subdir=
=== NEW REQUEST ===
Action=
Module=
Subdir=
=== NEW REQUEST ===
Action=
Module=
Subdir=
=== NEW REQUEST ===
Action=add_audio
Module=project
Subdir=tmp/cad1a3946f7e2ffc7cf11d872c347fdcf88e12438959d24b84f0698a70330d67
=== NEW REQUEST ===
Action=add_audio
Module=project
Subdir=tmp/cad1a3946f7e2ffc7cf11d872c347fdcf88e12438959d24b84f0698a70330d67
=== NEW REQUEST ===
Action=add
Module=
Subdir=
=== NEW REQUEST ===
Action=
Module=
Subdir=
=== NEW REQUEST ===
Action=
Module=
Subdir=
=== NEW REQUEST ===
Action=
Module=
Subdir=
=== NEW REQUEST ===
Action=add
Module=
Subdir=
=== NEW REQUEST ===
Action=
Module=
Subdir=
=== NEW REQUEST ===
Action=
Module=
Subdir=
=== NEW REQUEST ===
Action=
Module=
Subdir=
=== NEW REQUEST ===
Action=uploadPhoto
Module=project
Subdir=tmp/4b182dd544a0a593fa415edd7726473f21cf98a3c91417ff5625e1d7a2aac7d2
INSIDE uploadPhoto!
dol_add_file_process res=1 uploadDir=C:/wamp64/www/dolibarr22/dolibarr/documents/projet/tmp/4b182dd544a0a593fa415edd7726473f21cf98a3c91417ff5625e1d7a2aac7d2
=== NEW REQUEST ===
Action=uploadPhoto
Module=project
Subdir=tmp/4b182dd544a0a593fa415edd7726473f21cf98a3c91417ff5625e1d7a2aac7d2
INSIDE uploadPhoto!
dol_add_file_process res=1 uploadDir=C:/wamp64/www/dolibarr22/dolibarr/documents/projet/tmp/4b182dd544a0a593fa415edd7726473f21cf98a3c91417ff5625e1d7a2aac7d2
=== NEW REQUEST ===
Action=uploadPhoto
Module=project
Subdir=tmp/4b182dd544a0a593fa415edd7726473f21cf98a3c91417ff5625e1d7a2aac7d2
INSIDE uploadPhoto!
dol_add_file_process res=1 uploadDir=C:/wamp64/www/dolibarr22/dolibarr/documents/projet/tmp/4b182dd544a0a593fa415edd7726473f21cf98a3c91417ff5625e1d7a2aac7d2
=== NEW REQUEST ===
Action=add
Module=
Subdir=
=== NEW REQUEST ===
Action=
Module=
Subdir=
=== NEW REQUEST ===
Action=
Module=
Subdir=
=== NEW REQUEST ===
Action=uploadPhoto
Module=project
Subdir=tmp/a62bf077ed25c92d0eb74b31d536e5f95fcb7f0fa902cc650359d272b712e570
INSIDE uploadPhoto!
